{
  "RSpec": {
    "coverage": {
      "/home/saagar14/loosecoupled/tamu-career-closet/config/environment.rb": [
        null,
        1,
        null,
        null,
        1
      ],
      "/home/saagar14/loosecoupled/tamu-career-closet/config/application.rb": [
        1,
        null,
        1,
        null,
        null,
        null,
        1,
        null,
        1,
        1,
        null,
        1,
        1,
        1,
        null,
        null,
        null,
        null,
        null
      ],
      "/home/saagar14/loosecoupled/tamu-career-closet/config/boot.rb": [
        1,
        null,
        1
      ],
      "/home/saagar14/loosecoupled/tamu-career-closet/config/environments/test.rb": [
        1,
        null,
        null,
        null,
        null,
        null,
        null,
        1,
        null,
        null,
        null,
        null,
        1,
        null,
        null,
        1,
        1,
        null,
        null,
        null,
        null,
        1,
        1,
        null,
        null,
        1,
        null,
        null,
        1,
        1,
        null,
        null,
        null,
        null,
        1,
        null,
        null,
        1,
        null,
        null,
        null,
        null
      ],
      "/home/saagar14/loosecoupled/tamu-career-closet/config/initializers/application_controller_renderer.rb": [
        null,
        null,
        null,
        null,
        null,
        null,
        null,
        null
      ],
      "/home/saagar14/loosecoupled/tamu-career-closet/config/initializers/assets.rb": [
        null,
        null,
        null,
        1,
        null,
        null,
        null,
        null,
        1,
        null,
        null,
        null,
        null,
        null
      ],
      "/home/saagar14/loosecoupled/tamu-career-closet/config/initializers/backtrace_silencers.rb": [
        null,
        null,
        null,
        null,
        null,
        null,
        null
      ],
      "/home/saagar14/loosecoupled/tamu-career-closet/config/initializers/cookies_serializer.rb": [
        null,
        null,
        null,
        null,
        1
      ],
      "/home/saagar14/loosecoupled/tamu-career-closet/config/initializers/filter_parameter_logging.rb": [
        null,
        null,
        null,
        1
      ],
      "/home/saagar14/loosecoupled/tamu-career-closet/config/initializers/inflections.rb": [
        null,
        null,
        null,
        null,
        null,
        null,
        null,
        null,
        null,
        null,
        null,
        null,
        null,
        null,
        null,
        null
      ],
      "/home/saagar14/loosecoupled/tamu-career-closet/config/initializers/mime_types.rb": [
        null,
        null,
        null,
        null
      ],
      "/home/saagar14/loosecoupled/tamu-career-closet/config/initializers/wrap_parameters.rb": [
        null,
        null,
        null,
        null,
        null,
        null,
        1,
        2,
        null,
        null,
        null,
        null,
        null,
        null
      ],
      "/home/saagar14/loosecoupled/tamu-career-closet/spec/factories/users.rb": [
        1,
        1,
        16,
        1,
        1,
        null,
        null
      ],
      "/home/saagar14/loosecoupled/tamu-career-closet/config/routes.rb": [
        1,
        1,
        1,
        1,
        1,
        1,
        1,
        null
      ],
      "/home/saagar14/loosecoupled/tamu-career-closet/app/helpers/apparels_helper.rb": [
        1,
        null
      ],
      "/home/saagar14/loosecoupled/tamu-career-closet/app/helpers/application_helper.rb": [
        1,
        null
      ],
      "/home/saagar14/loosecoupled/tamu-career-closet/app/helpers/authentication_helper.rb": [
        1,
        null
      ],
      "/home/saagar14/loosecoupled/tamu-career-closet/app/helpers/rentals_helper.rb": [
        1,
        null
      ],
      "/home/saagar14/loosecoupled/tamu-career-closet/app/helpers/students_helper.rb": [
        1,
        null
      ],
      "/home/saagar14/loosecoupled/tamu-career-closet/app/helpers/users_helper.rb": [
        1,
        null
      ],
      "/home/saagar14/loosecoupled/tamu-career-closet/spec/support/request_spec_helper.rb": [
        1,
        null,
        1,
        5,
        null,
        null
      ],
      "/home/saagar14/loosecoupled/tamu-career-closet/spec/support/controller_spec_helper.rb": [
        null,
        1,
        null,
        1,
        10,
        null,
        null,
        null,
        1,
        1,
        null,
        null,
        null,
        1,
        null,
        null,
        null,
        7,
        null,
        null,
        null,
        1,
        null,
        null,
        null,
        0,
        null,
        null
      ],
      "/home/saagar14/loosecoupled/tamu-career-closet/app/auth/authenticate_user.rb": [
        1,
        1,
        7,
        7,
        null,
        null,
        null,
        1,
        7,
        null,
        null,
        1,
        null,
        1,
        null,
        null,
        1,
        12,
        12,
        null,
        2,
        null,
        null
      ],
      "/home/saagar14/loosecoupled/tamu-career-closet/spec/auth/authorize_api_request_spec.rb": [
        1,
        null,
        1,
        null,
        3,
        null,
        2,
        null,
        2,
        null,
        2,
        null,
        null,
        null,
        1,
        null,
        1,
        1,
        1,
        1,
        null,
        null,
        null,
        null,
        1,
        1,
        1,
        2,
        null,
        null,
        null,
        null,
        1,
        1,
        null,
        1,
        null,
        null,
        1,
        2,
        null,
        null,
        null,
        null,
        1,
        2,
        2,
        null,
        1,
        2,
        null,
        null,
        null,
        null,
        null,
        null
      ],
      "/home/saagar14/loosecoupled/tamu-career-closet/app/auth/authorize_api_request.rb": [
        1,
        1,
        6,
        null,
        null,
        null,
        1,
        null,
        null,
        6,
        null,
        null,
        1,
        null,
        1,
        null,
        1,
        null,
        null,
        6,
        null,
        null,
        null,
        1,
        null,
        1,
        null,
        null,
        null,
        null,
        1,
        9,
        null,
        null,
        null,
        1,
        6,
        4,
        null,
        2,
        null,
        null
      ],
      "/home/saagar14/loosecoupled/tamu-career-closet/spec/controllers/application_controller_spec.rb": [
        1,
        null,
        1,
        null,
        3,
        null,
        2,
        2,
        null,
        1,
        1,
        2,
        null,
        null,
        1,
        2,
        null,
        null,
        null,
        1,
        1,
        1,
        null,
        null,
        1,
        3,
        null,
        null,
        null,
        null,
        null
      ],
      "/home/saagar14/loosecoupled/tamu-career-closet/app/controllers/application_controller.rb": [
        1,
        1,
        1,
        null,
        1,
        1,
        null,
        1,
        null,
        null,
        1,
        2,
        null,
        null,
        null
      ],
      "/home/saagar14/loosecoupled/tamu-career-closet/app/controllers/concerns/response.rb": [
        1,
        1,
        7,
        null,
        null
      ],
      "/home/saagar14/loosecoupled/tamu-career-closet/app/controllers/concerns/exception_handler.rb": [
        1,
        1,
        null,
        null,
        1,
        1,
        1,
        1,
        null,
        1,
        null,
        1,
        1,
        1,
        1,
        1,
        0,
        null,
        1,
        null,
        null,
        1,
        null,
        null,
        1,
        2,
        null,
        null,
        null,
        1,
        1,
        null,
        null,
        null,
        1,
        0,
        null,
        null,
        null
      ],
      "/home/saagar14/loosecoupled/tamu-career-closet/spec/controllers/authentication_controller_spec.rb": [
        1,
        null,
        1,
        null,
        null
      ],
      "/home/saagar14/loosecoupled/tamu-career-closet/app/controllers/authentication_controller.rb": [
        1,
        1,
        null,
        1,
        2,
        1,
        null,
        null,
        1,
        null,
        1,
        4,
        null,
        null
      ],
      "/home/saagar14/loosecoupled/tamu-career-closet/spec/controllers/users_controller_spec.rb": [
        1,
        null,
        1,
        null,
        null
      ],
      "/home/saagar14/loosecoupled/tamu-career-closet/app/controllers/users_controller.rb": [
        1,
        1,
        null,
        null,
        1,
        5,
        3,
        3,
        3,
        null,
        null,
        1,
        null,
        1,
        5,
        null,
        null,
        null,
        null,
        null,
        null,
        null
      ],
      "/home/saagar14/loosecoupled/tamu-career-closet/spec/helpers/authentication_helper_spec.rb": [
        1,
        null,
        null,
        null,
        null,
        null,
        null,
        null,
        null,
        null,
        null,
        null,
        1,
        1,
        null
      ],
      "/home/saagar14/loosecoupled/tamu-career-closet/spec/helpers/users_helper_spec.rb": [
        1,
        null,
        null,
        null,
        null,
        null,
        null,
        null,
        null,
        null,
        null,
        null,
        1,
        1,
        null
      ],
      "/home/saagar14/loosecoupled/tamu-career-closet/spec/models/apparel_spec.rb": [
        1,
        null,
        1,
        1,
        2,
        null,
        null,
        1,
        1,
        null,
        1,
        1,
        1,
        null,
        null
      ],
      "/home/saagar14/loosecoupled/tamu-career-closet/app/models/apparel.rb": [
        1,
        1,
        null,
        1,
        null
      ],
      "/home/saagar14/loosecoupled/tamu-career-closet/app/models/application_record.rb": [
        1,
        1,
        null
      ],
      "/home/saagar14/loosecoupled/tamu-career-closet/spec/models/rental_spec.rb": [
        1,
        null,
        1,
        7,
        null,
        7,
        null,
        1,
        6,
        null,
        null,
        null,
        1,
        1,
        null,
        1,
        1,
        1,
        null,
        1,
        1,
        1,
        null,
        1,
        1,
        1,
        null,
        1,
        1,
        1,
        null,
        null,
        1,
        1,
        1,
        null,
        null
      ],
      "/home/saagar14/loosecoupled/tamu-career-closet/app/models/rental.rb": [
        1,
        1,
        1,
        null,
        1,
        1,
        1,
        1,
        1,
        null
      ],
      "/home/saagar14/loosecoupled/tamu-career-closet/spec/models/student_spec.rb": [
        1,
        null,
        1,
        1,
        5,
        null,
        null,
        1,
        1,
        null,
        1,
        1,
        1,
        null,
        1,
        1,
        1,
        null,
        1,
        1,
        1,
        null,
        1,
        1,
        1,
        null,
        null
      ],
      "/home/saagar14/loosecoupled/tamu-career-closet/app/models/student.rb": [
        1,
        1,
        null,
        1,
        1,
        1,
        1,
        null
      ],
      "/home/saagar14/loosecoupled/tamu-career-closet/spec/models/user_spec.rb": [
        1,
        null,
        1,
        null,
        null,
        2,
        2,
        2,
        null
      ],
      "/home/saagar14/loosecoupled/tamu-career-closet/app/models/user.rb": [
        1,
        null,
        1,
        null,
        1,
        null
      ],
      "/home/saagar14/loosecoupled/tamu-career-closet/spec/requests/authentication_spec.rb": [
        1,
        null,
        1,
        null,
        1,
        null,
        3,
        null,
        3,
        null,
        1,
        null,
        null,
        null,
        1,
        null,
        1,
        null,
        null,
        null,
        1,
        null,
        null,
        null,
        null,
        null,
        null,
        1,
        2,
        null,
        1,
        1,
        null,
        null,
        null,
        null,
        1,
        2,
        null,
        1,
        1,
        null,
        null,
        null,
        null
      ],
      "/home/saagar14/loosecoupled/tamu-career-closet/spec/requests/users_spec.rb": [
        1,
        null,
        1,
        6,
        6,
        1,
        3,
        null,
        null,
        null,
        1,
        1,
        4,
        null,
        1,
        1,
        null,
        null,
        1,
        1,
        null,
        null,
        1,
        1,
        null,
        null,
        null,
        1,
        3,
        null,
        1,
        1,
        null,
        null,
        1,
        1,
        null,
        null,
        null,
        null,
        null
      ],
      "/home/saagar14/loosecoupled/tamu-career-closet/app/lib/json_web_token.rb": [
        null,
        1,
        null,
        1,
        null,
        1,
        null,
        16,
        null,
        16,
        null,
        null,
        1,
        null,
        4,
        3,
        null,
        null,
        null,
        1,
        null,
        null
      ],
      "/home/saagar14/loosecoupled/tamu-career-closet/app/lib/message.rb": [
        1,
        1,
        0,
        null,
        null,
        1,
        2,
        null,
        null,
        1,
        1,
        null,
        null,
        1,
        2,
        null,
        null,
        1,
        0,
        null,
        null,
        1,
        3,
        null,
        null,
        1,
        0,
        null,
        null,
        1,
        0,
        null,
        null
      ]
    },
    "timestamp": 1508626970
  }
}
